2024-03-14 02:08:06,183 - PrintAll a 6
2024-03-14 02:08:06,183 - PrintAll aab 5
2024-03-14 02:08:06,183 - PrintAll ab 3
2024-03-14 02:08:06,183 - PrintAll aba 1002
2024-03-14 02:08:06,183 - PrintAll b 7
2024-03-14 02:08:06,183 - PrintAll bba 4
2024-03-14 02:08:06,183 - PrintAll home 1
2024-03-14 02:08:26,877 - Delete Success
2024-03-14 02:08:34,569 - PrintAll a 6
2024-03-14 02:08:34,569 - PrintAll aab 5
2024-03-14 02:08:34,569 - PrintAll ab 3
2024-03-14 02:08:34,572 - PrintAll aba 2
2024-03-14 02:08:34,572 - PrintAll b 7
2024-03-14 02:08:34,572 - PrintAll bba 4
2024-03-14 02:08:34,572 - PrintAll home 1
2024-03-14 02:08:47,152 - Delete failure.
2024-03-14 02:08:58,335 - Search Success
2024-03-14 02:08:59,313 - PrintAll a 6
2024-03-14 02:08:59,313 - PrintAll aab 5
2024-03-14 02:08:59,313 - PrintAll ab 3
2024-03-14 02:08:59,313 - PrintAll aba 2
2024-03-14 02:08:59,313 - PrintAll b 7
2024-03-14 02:08:59,313 - PrintAll bba 4
2024-03-14 02:08:59,313 - PrintAll home 1
2024-03-14 02:09:17,438 - Delete Success
2024-03-14 02:09:28,323 - PrintAll a 6
2024-03-14 02:09:28,323 - PrintAll aab 5
2024-03-14 02:09:28,323 - PrintAll ab 3
2024-03-14 02:09:28,327 - PrintAll aba 2
2024-03-14 02:09:28,327 - PrintAll bba 4
2024-03-14 02:09:28,327 - PrintAll home 1
2024-03-14 13:19:18,462 -  Insert  Success
