2024-03-11 10:49:51,573 - INFO - User input: 3
2024-03-11 10:49:51,574 - INFO - Valid input received.
2024-03-11 10:49:52,920 - INFO - User input: 2
2024-03-11 10:49:52,921 - INFO - Valid input received.
2024-03-11 10:49:55,900 - INFO - User input: s
2024-03-11 10:49:55,900 - WARNING - Invalid input received.
2024-03-11 10:54:06,850 - INFO - User input: 3
2024-03-11 10:54:06,850 - INFO - Valid input received.
2024-03-11 10:54:07,255 - INFO - User input: 3
2024-03-11 10:54:07,255 - INFO - Valid input received.
2024-03-11 10:54:07,255 - INFO - Populating living cells
2024-03-11 10:54:08,962 - INFO - User input: 1
2024-03-11 10:54:08,962 - INFO - Valid input received.
2024-03-11 10:54:09,301 - INFO - User input: 1
2024-03-11 10:54:09,303 - INFO - Valid input received.
2024-03-11 10:54:09,303 - INFO - Cell at (1, 1) set as living cell
2024-03-11 10:54:10,401 - INFO - User input: 1
2024-03-11 10:54:10,401 - INFO - Valid input received.
2024-03-11 10:54:11,010 - INFO - User input: 0
2024-03-11 10:54:11,010 - INFO - Valid input received.
2024-03-11 10:54:11,401 - INFO - User input: 0
2024-03-11 10:54:11,402 - INFO - Valid input received.
2024-03-11 10:54:11,402 - INFO - Cell at (0, 0) set as living cell
2024-03-11 10:54:12,389 - INFO - User input: 2
2024-03-11 10:54:12,389 - INFO - Valid input received.
2024-03-11 10:54:12,390 - INFO - Population of living cells completed
2024-03-11 10:54:12,390 - INFO - Cell at (0, 0) died due to underpopulation
2024-03-11 10:54:12,390 - INFO - Cell at (1, 1) died due to underpopulation
2024-03-11 10:54:12,390 - INFO - Board updated
2024-03-11 10:54:12,390 - INFO - Board updated
2024-03-11 10:54:12,390 - INFO - Board updated
2024-03-11 10:54:54,852 - INFO - User input: 3
2024-03-11 10:54:54,852 - INFO - Valid input received.
2024-03-11 10:54:55,248 - INFO - User input: 3
2024-03-11 10:54:55,248 - INFO - Valid input received.
2024-03-11 10:54:55,248 - INFO - Populating living cells
2024-03-11 10:54:56,526 - INFO - User input: 0
2024-03-11 10:54:56,527 - INFO - Valid input received.
2024-03-11 10:54:56,873 - INFO - User input: 0
2024-03-11 10:54:56,873 - INFO - Valid input received.
2024-03-11 10:54:56,873 - INFO - Cell at (0, 0) set as living cell
2024-03-11 10:54:57,584 - INFO - User input: 1
2024-03-11 10:54:57,584 - INFO - Valid input received.
2024-03-11 10:54:58,037 - INFO - User input: 1
2024-03-11 10:54:58,037 - INFO - Valid input received.
2024-03-11 10:54:58,356 - INFO - User input: 1
2024-03-11 10:54:58,356 - INFO - Valid input received.
2024-03-11 10:54:58,356 - INFO - Cell at (1, 1) set as living cell
2024-03-11 10:54:59,834 - INFO - User input: 1
2024-03-11 10:54:59,835 - INFO - Valid input received.
2024-03-11 10:55:00,331 - INFO - User input: 0
2024-03-11 10:55:00,331 - INFO - Valid input received.
2024-03-11 10:55:00,805 - INFO - User input: 2
2024-03-11 10:55:00,805 - INFO - Valid input received.
2024-03-11 10:55:00,805 - INFO - Cell at (0, 2) set as living cell
2024-03-11 10:55:01,967 - INFO - User input: 2
2024-03-11 10:55:01,967 - INFO - Valid input received.
2024-03-11 10:55:01,967 - INFO - Population of living cells completed
2024-03-11 10:55:01,967 - INFO - Cell at (0, 0) died due to underpopulation
2024-03-11 10:55:01,967 - INFO - Cell at (0, 1) became alive
2024-03-11 10:55:01,968 - INFO - Cell at (0, 2) died due to underpopulation
2024-03-11 10:55:01,968 - INFO - Board updated
2024-03-11 10:55:01,968 - INFO - Cell at (0, 1) died due to underpopulation
2024-03-11 10:55:01,968 - INFO - Cell at (1, 1) died due to underpopulation
2024-03-11 10:55:01,968 - INFO - Board updated
2024-03-11 10:55:01,969 - INFO - Board updated
